[2020-03-05 10:46:20][1] Processing: App\Jobs\TranslateSlug
[2020-03-05 10:46:21][1] Processing: App\Jobs\TranslateSlug
[2020-03-05 10:46:21][1] Processing: App\Jobs\TranslateSlug
[2020-03-05 10:46:21][1] Failed:     App\Jobs\TranslateSlug
[2020-03-05 10:47:24][2] Processing: App\Jobs\TranslateSlug
[2020-03-05 10:47:24][2] Processing: App\Jobs\TranslateSlug
[2020-03-05 10:47:24][2] Processing: App\Jobs\TranslateSlug
[2020-03-05 10:47:24][2] Failed:     App\Jobs\TranslateSlug
[2020-03-05 10:51:58][4] Processing: App\Jobs\TranslateSlug
[2020-03-05 10:51:58][4] Processing: App\Jobs\TranslateSlug
[2020-03-05 10:51:58][4] Processing: App\Jobs\TranslateSlug
[2020-03-05 10:51:58][4] Failed:     App\Jobs\TranslateSlug
[2020-03-05 10:55:32][6] Processing: App\Jobs\TranslateSlug
[2020-03-05 10:55:32][6] Processing: App\Jobs\TranslateSlug
[2020-03-05 10:55:32][6] Processing: App\Jobs\TranslateSlug
[2020-03-05 10:55:32][6] Failed:     App\Jobs\TranslateSlug
[2020-03-05 11:02:18][7] Processing: App\Jobs\TranslateSlug
[2020-03-05 11:02:18][7] Processing: App\Jobs\TranslateSlug
[2020-03-05 11:02:18][7] Processing: App\Jobs\TranslateSlug
[2020-03-05 11:02:18][7] Failed:     App\Jobs\TranslateSlug
[2020-03-05 11:04:01][8] Processing: App\Jobs\TranslateSlug
[2020-03-05 11:04:01][8] Processing: App\Jobs\TranslateSlug
[2020-03-05 11:04:01][8] Processing: App\Jobs\TranslateSlug
[2020-03-05 11:04:01][8] Failed:     App\Jobs\TranslateSlug
[2020-03-05 11:22:39][9] Processing: App\Jobs\TranslateSlug
[2020-03-05 11:22:39][9] Processing: App\Jobs\TranslateSlug
[2020-03-05 11:22:39][9] Processing: App\Jobs\TranslateSlug
[2020-03-05 11:22:39][9] Failed:     App\Jobs\TranslateSlug
[2020-03-05 11:45:56][10] Processing: App\Jobs\TranslateSlug
[2020-03-05 11:45:57][10] Processing: App\Jobs\TranslateSlug
[2020-03-05 11:45:57][10] Processing: App\Jobs\TranslateSlug
[2020-03-05 11:45:57][10] Failed:     App\Jobs\TranslateSlug
[2020-03-05 13:46:16][12] Processing: App\Jobs\TranslateSlug
[2020-03-05 13:46:16][12] Processing: App\Jobs\TranslateSlug
[2020-03-05 13:46:16][12] Processing: App\Jobs\TranslateSlug
[2020-03-05 13:46:16][12] Failed:     App\Jobs\TranslateSlug
[2020-03-05 13:51:49][13] Processing: App\Jobs\TranslateSlug
[2020-03-05 13:51:49][14] Processing: App\Notifications\TopicReplied
[2020-03-05 13:51:49][13] Processing: App\Jobs\TranslateSlug
[2020-03-05 13:51:49][14] Processing: App\Notifications\TopicReplied
[2020-03-05 13:51:49][13] Processing: App\Jobs\TranslateSlug
[2020-03-05 13:51:50][14] Processing: App\Notifications\TopicReplied
[2020-03-05 13:51:50][13] Failed:     App\Jobs\TranslateSlug
[2020-03-05 13:51:50][14] Failed:     App\Notifications\TopicReplied
[2020-03-05 14:31:47][17] Processing: App\Notifications\TopicReplied
[2020-03-05 14:31:47][18] Processing: App\Notifications\TopicReplied
[2020-03-05 14:31:47][17] Processed:  App\Notifications\TopicReplied
[2020-03-05 14:31:50][18] Processed:  App\Notifications\TopicReplied
